2022-08-07 20:38:16.517 [main] INFO  ktor.application - Autoreload is disabled because the development mode is off.
2022-08-07 20:38:17.208 [main] INFO  ktor.application - Application started in 0.716 seconds.
2022-08-07 20:38:17.209 [main] INFO  ktor.application - Application started: io.ktor.server.application.Application@3b90a30a
2022-08-07 20:38:17.455 [DefaultDispatcher-worker-2] INFO  ktor.application - Responding at http://0.0.0.0:8080
2022-08-07 22:06:25.627 [eventLoopGroupProxy-4-2] INFO  ktor.application - GET-200 OK //library/search?page=0&keywords=
2022-08-07 22:06:25.632 [eventLoopGroupProxy-4-1] INFO  ktor.application - GET-200 OK //provider
2022-08-07 22:06:27.602 [eventLoopGroupProxy-4-6] INFO  ktor.application - GET-200 OK /provider/E-Hentai/icon
2022-08-07 22:06:27.604 [eventLoopGroupProxy-4-4] INFO  ktor.application - GET-200 OK /provider/%E6%BC%AB%E7%94%BB%E4%BA%BA/icon
2022-08-07 22:06:27.606 [eventLoopGroupProxy-4-5] INFO  ktor.application - GET-200 OK /provider/%E5%93%94%E5%93%A9%E5%93%94%E5%93%A9%E6%BC%AB%E7%94%BB/icon
2022-08-07 22:06:27.606 [eventLoopGroupProxy-4-3] INFO  ktor.application - GET-200 OK /provider/%E5%93%94%E5%93%A9%E5%93%94%E5%93%A9%E6%BC%AB%E7%94%BB/icon
2022-08-07 22:06:27.647 [eventLoopGroupProxy-4-3] INFO  ktor.application - GET-200 OK /provider/%E5%93%94%E5%93%A9%E5%93%94%E5%93%A9%E6%BC%AB%E7%94%BB/icon
2022-08-07 22:06:30.249 [eventLoopGroupProxy-4-2] INFO  ktor.application - GET-200 OK //provider/%E5%93%94%E5%93%A9%E5%93%94%E5%93%A9%E6%BC%AB%E7%94%BB/board/Ranking?page=0&type=0
2022-08-07 22:06:30.550 [eventLoopGroupProxy-4-2] INFO  ktor.application - GET-200 OK //provider/%E5%93%94%E5%93%A9%E5%93%94%E5%93%A9%E6%BC%AB%E7%94%BB/board/Ranking?page=1&type=0
2022-08-07 22:06:30.868 [eventLoopGroupProxy-4-5] INFO  ktor.application - GET-200 OK /provider/%E5%93%94%E5%93%A9%E5%93%94%E5%93%A9%E6%BC%AB%E7%94%BB/manga/24442/cover?imageId=http%3A%2F%2Fi0.hdslb.com%2Fbfs%2Fmanga-static%2F4fd60d7bfc298495170a004324c9bfcfc4d4c8af.jpg
2022-08-07 22:06:31.046 [eventLoopGroupProxy-4-6] INFO  ktor.application - GET-200 OK /provider/%E5%93%94%E5%93%A9%E5%93%94%E5%93%A9%E6%BC%AB%E7%94%BB/manga/29481/cover?imageId=https%3A%2F%2Fi0.hdslb.com%2Fbfs%2Fmanga-static%2F916baf8bbaa9a0f8e3c6fa335da0e945703eac97.jpg
2022-08-07 22:06:31.083 [eventLoopGroupProxy-4-4] INFO  ktor.application - GET-200 OK /provider/%E5%93%94%E5%93%A9%E5%93%94%E5%93%A9%E6%BC%AB%E7%94%BB/manga/30859/cover?imageId=https%3A%2F%2Fi0.hdslb.com%2Fbfs%2Fmanga-static%2Fb918334a1d8ee9834063b404acaabf5c058aa83f.jpg
2022-08-07 22:06:31.147 [eventLoopGroupProxy-4-3] INFO  ktor.application - GET-200 OK /provider/%E5%93%94%E5%93%A9%E5%93%94%E5%93%A9%E6%BC%AB%E7%94%BB/manga/27809/cover?imageId=http%3A%2F%2Fi0.hdslb.com%2Fbfs%2Fmanga-static%2F786fdfa146659d41c3c7dbd0b7ccc6deda8a84f0.png
2022-08-07 22:06:31.544 [eventLoopGroupProxy-4-7] INFO  ktor.application - GET-200 OK /provider/%E5%93%94%E5%93%A9%E5%93%94%E5%93%A9%E6%BC%AB%E7%94%BB/manga/31237/cover?imageId=https%3A%2F%2Fi0.hdslb.com%2Fbfs%2Fmanga-static%2F9418c9ddd71e76d9a351f7764a57f9706d4f52cf.jpg
2022-08-07 22:06:31.562 [eventLoopGroupProxy-4-8] INFO  ktor.application - GET-200 OK /provider/%E5%93%94%E5%93%A9%E5%93%94%E5%93%A9%E6%BC%AB%E7%94%BB/manga/31853/cover?imageId=https%3A%2F%2Fi0.hdslb.com%2Fbfs%2Fmanga-static%2F2fea695a2d1bcb42b2ae50fcc79cfa8be57fbb12.jpg
2022-08-07 22:06:31.611 [eventLoopGroupProxy-4-2] INFO  ktor.application - GET-200 OK /provider/%E5%93%94%E5%93%A9%E5%93%94%E5%93%A9%E6%BC%AB%E7%94%BB/manga/31356/cover?imageId=https%3A%2F%2Fi0.hdslb.com%2Fbfs%2Fmanga-static%2F85c8d9b2065f5fced25183fe14906064b40bb54a.jpg
2022-08-07 22:06:31.895 [eventLoopGroupProxy-4-1] INFO  ktor.application - GET-200 OK /provider/%E5%93%94%E5%93%A9%E5%93%94%E5%93%A9%E6%BC%AB%E7%94%BB/manga/30575/cover?imageId=https%3A%2F%2Fi0.hdslb.com%2Fbfs%2Fmanga-static%2F8c1d12e2d41ac0f1696e726f148a530b68b3732f.jpg
2022-08-07 22:06:32.198 [eventLoopGroupProxy-4-2] INFO  ktor.application - GET-200 OK //provider/%E6%BC%AB%E7%94%BB%E4%BA%BA/board/Latest?page=0&type=0
2022-08-07 22:06:32.290 [eventLoopGroupProxy-4-6] INFO  ktor.application - GET-200 OK /provider/%E5%93%94%E5%93%A9%E5%93%94%E5%93%A9%E6%BC%AB%E7%94%BB/manga/24930/cover?imageId=http%3A%2F%2Fi0.hdslb.com%2Fbfs%2Fmanga-static%2Fe4648137215962c355e73d7b24a02782844b39f1.jpg
2022-08-07 22:06:32.404 [eventLoopGroupProxy-4-6] INFO  ktor.application - GET-404 Not Found /provider/%E6%BC%AB%E7%94%BB%E4%BA%BA/manga/58523/cover?imageId=
2022-08-07 22:06:32.423 [eventLoopGroupProxy-4-2] INFO  ktor.application - GET-200 OK //provider/%E6%BC%AB%E7%94%BB%E4%BA%BA/board/Latest?page=1&type=0
2022-08-07 22:06:32.816 [eventLoopGroupProxy-4-3] INFO  ktor.application - GET-200 OK /provider/%E6%BC%AB%E7%94%BB%E4%BA%BA/manga/75302/cover?imageId=http%3A%2F%2Fmhfm7tel.cdndm5.com%2F76%2F75302%2F20220131175303_630x840_109.jpg
2022-08-07 22:06:33.025 [eventLoopGroupProxy-4-6] INFO  ktor.application - GET-200 OK /provider/%E6%BC%AB%E7%94%BB%E4%BA%BA/manga/66860/cover?imageId=http%3A%2F%2Fmhfm7tel.cdndm5.com%2F67%2F66860%2F20210220090017_630x840_148.jpg
2022-08-07 22:06:33.042 [eventLoopGroupProxy-4-5] INFO  ktor.application - GET-200 OK /provider/%E6%BC%AB%E7%94%BB%E4%BA%BA/manga/56644/cover?imageId=http%3A%2F%2Fmhfm7tel.cdndm5.com%2F57%2F56644%2F20200116100705_630x840_161.jpg
2022-08-07 22:06:33.329 [eventLoopGroupProxy-4-7] INFO  ktor.application - GET-200 OK /provider/%E6%BC%AB%E7%94%BB%E4%BA%BA/manga/74396/cover?imageId=http%3A%2F%2Fmhfm8tel.cdndm5.com%2F75%2F74396%2F20211225140002_630x840_195.jpg
2022-08-07 22:06:33.367 [eventLoopGroupProxy-4-4] INFO  ktor.application - GET-200 OK /provider/%E6%BC%AB%E7%94%BB%E4%BA%BA/manga/56937/cover?imageId=http%3A%2F%2Fmhfm5tel.cdndm5.com%2F57%2F56937%2F20200124163712_630x840_204.jpg
2022-08-07 22:06:33.385 [eventLoopGroupProxy-4-6] INFO  ktor.application - GET-200 OK /provider/%E6%BC%AB%E7%94%BB%E4%BA%BA/manga/76032/cover?imageId=http%3A%2F%2Fmhfm9tel.cdndm5.com%2F77%2F76032%2F20220304104940_630x840_85.jpg
2022-08-07 22:06:33.415 [eventLoopGroupProxy-4-8] INFO  ktor.application - GET-200 OK /provider/%E6%BC%AB%E7%94%BB%E4%BA%BA/manga/70528/cover?imageId=http%3A%2F%2Fmhfm4tel.cdndm5.com%2F71%2F70528%2F20210722153518_630x840_165.jpg
2022-08-07 22:06:33.456 [eventLoopGroupProxy-4-3] INFO  ktor.application - GET-200 OK /provider/%E6%BC%AB%E7%94%BB%E4%BA%BA/manga/6634/cover?imageId=http%3A%2F%2Fmhfm3tel.cdndm5.com%2F7%2F6634%2F20180531223419_630x840_124.jpg
2022-08-07 22:06:33.541 [eventLoopGroupProxy-4-5] INFO  ktor.application - GET-200 OK /provider/%E6%BC%AB%E7%94%BB%E4%BA%BA/manga/79696/cover?imageId=http%3A%2F%2Fmhfm5tel.cdndm5.com%2F80%2F79696%2F20220725171753_630x840_223.jpg
2022-08-07 22:06:33.634 [eventLoopGroupProxy-4-7] INFO  ktor.application - GET-200 OK /provider/%E6%BC%AB%E7%94%BB%E4%BA%BA/manga/79496/cover?imageId=http%3A%2F%2Fmhfm1tel.cdndm5.com%2F80%2F79496%2F20220717203806_630x840_156.jpg
2022-08-07 22:06:33.812 [eventLoopGroupProxy-4-5] INFO  ktor.application - GET-200 OK /provider/%E5%93%94%E5%93%A9%E5%93%94%E5%93%A9%E6%BC%AB%E7%94%BB/manga/28983/cover?imageId=https%3A%2F%2Fi0.hdslb.com%2Fbfs%2Fmanga-static%2F6623486f22eb17bee39d35f7c259af442bdaefe4.png
2022-08-07 22:06:34.711 [eventLoopGroupProxy-4-4] INFO  ktor.application - GET-200 OK /provider/%E5%93%94%E5%93%A9%E5%93%94%E5%93%A9%E6%BC%AB%E7%94%BB/manga/31860/cover?imageId=https%3A%2F%2Fi0.hdslb.com%2Fbfs%2Fmanga-static%2F36cd0c53639fb8b918feaabedffcf3dc20f6edec.jpg
2022-08-07 22:06:35.267 [eventLoopGroupProxy-4-3] INFO  ktor.application - GET-200 OK /provider/%E5%93%94%E5%93%A9%E5%93%94%E5%93%A9%E6%BC%AB%E7%94%BB/manga/30854/cover?imageId=https%3A%2F%2Fi0.hdslb.com%2Fbfs%2Fmanga-static%2Fcd410c2322d344d3634a43a2f6f90389d588b4c2.jpg
2022-08-07 22:06:36.891 [eventLoopGroupProxy-4-2] INFO  ktor.application - GET-200 OK //library/search?page=0&keywords=
